<?xml version="1.0" encoding="UTF-8"?>
<testsuites name="jest tests" tests="1" failures="0" errors="0" time="2.643">
  <testsuite name="jupyterlab-nebari-mode" errors="0" failures="0" skipped="0" timestamp="2024-03-20T17:28:33" time="2.305" tests="1">
    <testcase classname="jupyterlab-nebari-mode should be tested" name="jupyterlab-nebari-mode should be tested" time="0.002">
    </testcase>
  </testsuite>
</testsuites>